Terminales no usados en gramática

   tok_accion
   tok_e_s
   tok_faccion


Estado 112 conflictos: 13 desplazamiento(s)/reducción(ones)
Estado 140 conflictos: 2 desplazamiento(s)/reducción(ones)
Estado 164 conflictos: 13 desplazamiento(s)/reducción(ones)


Gramática

    0 $accept: desc_algoritmo $end

    1 desc_algoritmo: tok_algoritmo tok_id cabecera_alg bloque_alg tok_falgoritmo

    2 cabecera_alg: decl_globales decl_a_f decl_ent_sal tok_comentario

    3 bloque_alg: bloque tok_comentario

    4 decl_globales: /* vacío */
    5              | declaracion_tipo decl_globales
    6              | declaracion_const decl_globales

    7 decl_a_f: /* vacío */
    8         | funcion_d decl_a_f

    9 bloque: declaraciones instrucciones

   10 declaraciones: /* vacío */
   11              | declaracion_tipo declaraciones
   12              | declaracion_const declaraciones
   13              | declaracion_var declaraciones

   14 declaracion_tipo: tok_tipo lista_d_tipo tok_ftipo

   15 declaracion_const: tok_cconst lista_d_cte tok_fconst

   16 declaracion_var: tok_var lista_d_var tok_fvar

   17 lista_d_tipo: /* vacío */
   18             | tok_id tok_igual d_tipo tok_punto_y_coma lista_d_tipo

   19 d_tipo: tok_tupla lista_campos tok_ftupla
   20       | tok_tabla tok_abrec expresion_t tok_puntopunto expresion_t tok_cierrac tok_de tipo
   21       | expresion_t tok_puntopunto expresion_t
   22       | tok_puntero tipo

   23 expresion_t: exp
   24            | tok_caracter

   25 lista_campos: /* vacío */
   26             | tok_id tok_dos_puntos tok_tipo tok_punto_y_coma lista_campos

   27 tipo: tipo_escalar
   28     | tok_id

   29 tipo_escalar: tok_entero
   30             | tok_booleano
   31             | tok_caracter

   32 lista_d_cte: /* vacío */
   33            | tok_id tok_igual tok_literal_numerico tok_punto_y_coma lista_d_cte
   34            | tok_id tok_igual tok_caracter tok_punto_y_coma lista_d_cte
   35            | tok_id tok_igual tok_verdadero tok_punto_y_coma lista_d_cte
   36            | tok_id tok_igual tok_falso tok_punto_y_coma lista_d_cte

   37 lista_d_var: /* vacío */
   38            | NLI tok_punto_y_coma lista_d_var

   39 NLI: tok_id tok_dos_puntos tipo
   40    | tok_id NLI

   41 decl_ent_sal: decl_ent
   42             | decl_ent decl_salida
   43             | decl_salida

   44 decl_ent: tok_ent lista_d_var

   45 decl_salida: tok_sal lista_d_var

   46 exp: exp tok_mas exp
   47    | exp tok_menos exp
   48    | exp tok_por exp
   49    | exp tok_div exp
   50    | tok_menos_unario exp
   51    | tok_abre exp tok_cierra
   52    | operando
   53    | tok_literal_numerico
   54    | exp tok_yy exp
   55    | exp tok_oo exp
   56    | tok_no exp
   57    | tok_verdadero
   58    | tok_falso
   59    | exp oprel exp
   60    | funcion_ll
   61    | exp tok_mod exp

   62 operando: tok_id
   63         | operando tok_punto operando
   64         | operando tok_abrec exp tok_cierrac

   65 oprel: tok_igual
   66      | tok_menor
   67      | tok_mayor
   68      | tok_menor_igual
   69      | tok_mayor_igual
   70      | tok_distinto

   71 instrucciones: instruccion tok_punto_y_coma instrucciones
   72              | instruccion

   73 instruccion: tok_continuar
   74            | asignacion
   75            | alternativa
   76            | iteracion
   77            | accion_ll

   78 asignacion: operando tok_asignacion exp

   79 alternativa: tok_si exp tok_flecha instrucciones lista_opciones tok_fsi

   80 lista_opciones: /* vacío */
   81               | tok_corchetes exp tok_flecha instrucciones lista_opciones

   82 iteracion: it_cota_fija
   83          | it_cota_exp

   84 it_cota_exp: tok_mientras exp tok_hacer instrucciones tok_fmientras

   85 it_cota_fija: tok_para asignacion tok_hasta exp tok_hacer instrucciones tok_fpara

   86 funcion_d: tok_funcion f_cabecera bloque tok_dev exp tok_ffuncion

   87 f_cabecera: tok_id tok_abre lista_d_var tok_cierra tok_dev tok_tipo tok_punto_y_coma

   88 accion_ll: tok_id tok_abre l_ll tok_cierra

   89 funcion_ll: tok_id tok_abre l_ll tok_cierra

   90 l_ll: exp tok_coma l_ll
   91     | exp


Terminales con las reglas donde aparecen

$end (0) 0
error (256)
tok_id (258) 1 18 26 28 33 34 35 36 39 40 62 87 88 89
tok_literal_numerico (259) 33 53
tok_comentario (260) 2 3
tok_punto_y_coma (261) 18 26 33 34 35 36 38 71 87
tok_dos_puntos (262) 26 39
tok_puntopunto (263) 20 21
tok_coma (264) 90
tok_punto (265) 63
tok_corchetes (266) 81
tok_flecha (267) 79 81
tok_igual (268) 18 33 34 35 36 65
tok_asignacion (269) 78
tok_abre (270) 51 87 88 89
tok_cierra (271) 51 87 88 89
tok_abrec (272) 20 64
tok_cierrac (273) 20 64
tok_puntero (274) 22
tok_accion (275)
tok_algoritmo (276) 1
tok_cconst (277) 15
tok_continuar (278) 73
tok_de (279) 20
tok_dev (280) 86 87
tok_div (281) 49
tok_ent (282) 44
tok_e_s (283)
tok_faccion (284)
tok_falgoritmo (285) 1
tok_falso (286) 36 58
tok_fconst (287) 15
tok_ffuncion (288) 86
tok_fmientras (289) 84
tok_fpara (290) 85
tok_fsi (291) 79
tok_ftipo (292) 14
tok_ftupla (293) 19
tok_funcion (294) 86
tok_fvar (295) 16
tok_hacer (296) 84 85
tok_hasta (297) 85
tok_mientras (298) 84
tok_mod (299) 61
tok_no (300) 56
tok_oo (301) 55
tok_para (302) 85
tok_sal (303) 45
tok_si (304) 79
tok_tabla (305) 20
tok_tipo (306) 14 26 87
tok_tupla (307) 19
tok_var (308) 16
tok_verdadero (309) 35 57
tok_yy (310) 54
tok_mas (311) 46
tok_menos (312) 47
tok_menos_unario (313) 50
tok_por (314) 48
tok_menor (315) 66
tok_mayor (316) 67
tok_menor_igual (317) 68
tok_mayor_igual (318) 69
tok_distinto (319) 70
tok_entero (320) 29
tok_booleano (321) 30
tok_caracter (322) 24 31 34


No terminales con las reglas donde aparecen

$accept (68)
    en la izquierda: 0
desc_algoritmo (69)
    en la izquierda: 1, en la derecha: 0
cabecera_alg (70)
    en la izquierda: 2, en la derecha: 1
bloque_alg (71)
    en la izquierda: 3, en la derecha: 1
decl_globales (72)
    en la izquierda: 4 5 6, en la derecha: 2 5 6
decl_a_f (73)
    en la izquierda: 7 8, en la derecha: 2 8
bloque (74)
    en la izquierda: 9, en la derecha: 3 86
declaraciones (75)
    en la izquierda: 10 11 12 13, en la derecha: 9 11 12 13
declaracion_tipo (76)
    en la izquierda: 14, en la derecha: 5 11
declaracion_const (77)
    en la izquierda: 15, en la derecha: 6 12
declaracion_var (78)
    en la izquierda: 16, en la derecha: 13
lista_d_tipo (79)
    en la izquierda: 17 18, en la derecha: 14 18
d_tipo (80)
    en la izquierda: 19 20 21 22, en la derecha: 18
expresion_t (81)
    en la izquierda: 23 24, en la derecha: 20 21
lista_campos (82)
    en la izquierda: 25 26, en la derecha: 19 26
tipo (83)
    en la izquierda: 27 28, en la derecha: 20 22 39
tipo_escalar (84)
    en la izquierda: 29 30 31, en la derecha: 27
lista_d_cte (85)
    en la izquierda: 32 33 34 35 36, en la derecha: 15 33 34 35 36
lista_d_var (86)
    en la izquierda: 37 38, en la derecha: 16 38 44 45 87
NLI (87)
    en la izquierda: 39 40, en la derecha: 38 40
decl_ent_sal (88)
    en la izquierda: 41 42 43, en la derecha: 2
decl_ent (89)
    en la izquierda: 44, en la derecha: 41 42
decl_salida (90)
    en la izquierda: 45, en la derecha: 42 43
exp (91)
    en la izquierda: 46 47 48 49 50 51 52 53 54 55 56 57 58 59 60 61,
    en la derecha: 23 46 47 48 49 50 51 54 55 56 59 61 64 78 79 81
    84 85 86 90 91
operando (92)
    en la izquierda: 62 63 64, en la derecha: 52 63 64 78
oprel (93)
    en la izquierda: 65 66 67 68 69 70, en la derecha: 59
instrucciones (94)
    en la izquierda: 71 72, en la derecha: 9 71 79 81 84 85
instruccion (95)
    en la izquierda: 73 74 75 76 77, en la derecha: 71 72
asignacion (96)
    en la izquierda: 78, en la derecha: 74 85
alternativa (97)
    en la izquierda: 79, en la derecha: 75
lista_opciones (98)
    en la izquierda: 80 81, en la derecha: 79 81
iteracion (99)
    en la izquierda: 82 83, en la derecha: 76
it_cota_exp (100)
    en la izquierda: 84, en la derecha: 83
it_cota_fija (101)
    en la izquierda: 85, en la derecha: 82
funcion_d (102)
    en la izquierda: 86, en la derecha: 8
f_cabecera (103)
    en la izquierda: 87, en la derecha: 86
accion_ll (104)
    en la izquierda: 88, en la derecha: 77
funcion_ll (105)
    en la izquierda: 89, en la derecha: 60
l_ll (106)
    en la izquierda: 90 91, en la derecha: 88 89 90


estado 0

    0 $accept: . desc_algoritmo $end

    tok_algoritmo  desplazar e ir al estado 1

    desc_algoritmo  ir al estado 2


estado 1

    1 desc_algoritmo: tok_algoritmo . tok_id cabecera_alg bloque_alg tok_falgoritmo

    tok_id  desplazar e ir al estado 3


estado 2

    0 $accept: desc_algoritmo . $end

    $end  desplazar e ir al estado 4


estado 3

    1 desc_algoritmo: tok_algoritmo tok_id . cabecera_alg bloque_alg tok_falgoritmo

    tok_cconst  desplazar e ir al estado 5
    tok_tipo    desplazar e ir al estado 6

    $default  reduce usando la regla 4 (decl_globales)

    cabecera_alg       ir al estado 7
    decl_globales      ir al estado 8
    declaracion_tipo   ir al estado 9
    declaracion_const  ir al estado 10


estado 4

    0 $accept: desc_algoritmo $end .

    $default  aceptar


estado 5

   15 declaracion_const: tok_cconst . lista_d_cte tok_fconst

    tok_id  desplazar e ir al estado 11

    $default  reduce usando la regla 32 (lista_d_cte)

    lista_d_cte  ir al estado 12


estado 6

   14 declaracion_tipo: tok_tipo . lista_d_tipo tok_ftipo

    tok_id  desplazar e ir al estado 13

    $default  reduce usando la regla 17 (lista_d_tipo)

    lista_d_tipo  ir al estado 14


estado 7

    1 desc_algoritmo: tok_algoritmo tok_id cabecera_alg . bloque_alg tok_falgoritmo

    tok_cconst  desplazar e ir al estado 5
    tok_tipo    desplazar e ir al estado 6
    tok_var     desplazar e ir al estado 15

    $default  reduce usando la regla 10 (declaraciones)

    bloque_alg         ir al estado 16
    bloque             ir al estado 17
    declaraciones      ir al estado 18
    declaracion_tipo   ir al estado 19
    declaracion_const  ir al estado 20
    declaracion_var    ir al estado 21


estado 8

    2 cabecera_alg: decl_globales . decl_a_f decl_ent_sal tok_comentario

    tok_funcion  desplazar e ir al estado 22

    $default  reduce usando la regla 7 (decl_a_f)

    decl_a_f   ir al estado 23
    funcion_d  ir al estado 24


estado 9

    5 decl_globales: declaracion_tipo . decl_globales

    tok_cconst  desplazar e ir al estado 5
    tok_tipo    desplazar e ir al estado 6

    $default  reduce usando la regla 4 (decl_globales)

    decl_globales      ir al estado 25
    declaracion_tipo   ir al estado 9
    declaracion_const  ir al estado 10


estado 10

    6 decl_globales: declaracion_const . decl_globales

    tok_cconst  desplazar e ir al estado 5
    tok_tipo    desplazar e ir al estado 6

    $default  reduce usando la regla 4 (decl_globales)

    decl_globales      ir al estado 26
    declaracion_tipo   ir al estado 9
    declaracion_const  ir al estado 10


estado 11

   33 lista_d_cte: tok_id . tok_igual tok_literal_numerico tok_punto_y_coma lista_d_cte
   34            | tok_id . tok_igual tok_caracter tok_punto_y_coma lista_d_cte
   35            | tok_id . tok_igual tok_verdadero tok_punto_y_coma lista_d_cte
   36            | tok_id . tok_igual tok_falso tok_punto_y_coma lista_d_cte

    tok_igual  desplazar e ir al estado 27


estado 12

   15 declaracion_const: tok_cconst lista_d_cte . tok_fconst

    tok_fconst  desplazar e ir al estado 28


estado 13

   18 lista_d_tipo: tok_id . tok_igual d_tipo tok_punto_y_coma lista_d_tipo

    tok_igual  desplazar e ir al estado 29


estado 14

   14 declaracion_tipo: tok_tipo lista_d_tipo . tok_ftipo

    tok_ftipo  desplazar e ir al estado 30


estado 15

   16 declaracion_var: tok_var . lista_d_var tok_fvar

    tok_id  desplazar e ir al estado 31

    $default  reduce usando la regla 37 (lista_d_var)

    lista_d_var  ir al estado 32
    NLI          ir al estado 33


estado 16

    1 desc_algoritmo: tok_algoritmo tok_id cabecera_alg bloque_alg . tok_falgoritmo

    tok_falgoritmo  desplazar e ir al estado 34


estado 17

    3 bloque_alg: bloque . tok_comentario

    tok_comentario  desplazar e ir al estado 35


estado 18

    9 bloque: declaraciones . instrucciones

    tok_id         desplazar e ir al estado 36
    tok_continuar  desplazar e ir al estado 37
    tok_mientras   desplazar e ir al estado 38
    tok_para       desplazar e ir al estado 39
    tok_si         desplazar e ir al estado 40

    operando       ir al estado 41
    instrucciones  ir al estado 42
    instruccion    ir al estado 43
    asignacion     ir al estado 44
    alternativa    ir al estado 45
    iteracion      ir al estado 46
    it_cota_exp    ir al estado 47
    it_cota_fija   ir al estado 48
    accion_ll      ir al estado 49


estado 19

   11 declaraciones: declaracion_tipo . declaraciones

    tok_cconst  desplazar e ir al estado 5
    tok_tipo    desplazar e ir al estado 6
    tok_var     desplazar e ir al estado 15

    $default  reduce usando la regla 10 (declaraciones)

    declaraciones      ir al estado 50
    declaracion_tipo   ir al estado 19
    declaracion_const  ir al estado 20
    declaracion_var    ir al estado 21


estado 20

   12 declaraciones: declaracion_const . declaraciones

    tok_cconst  desplazar e ir al estado 5
    tok_tipo    desplazar e ir al estado 6
    tok_var     desplazar e ir al estado 15

    $default  reduce usando la regla 10 (declaraciones)

    declaraciones      ir al estado 51
    declaracion_tipo   ir al estado 19
    declaracion_const  ir al estado 20
    declaracion_var    ir al estado 21


estado 21

   13 declaraciones: declaracion_var . declaraciones

    tok_cconst  desplazar e ir al estado 5
    tok_tipo    desplazar e ir al estado 6
    tok_var     desplazar e ir al estado 15

    $default  reduce usando la regla 10 (declaraciones)

    declaraciones      ir al estado 52
    declaracion_tipo   ir al estado 19
    declaracion_const  ir al estado 20
    declaracion_var    ir al estado 21


estado 22

   86 funcion_d: tok_funcion . f_cabecera bloque tok_dev exp tok_ffuncion

    tok_id  desplazar e ir al estado 53

    f_cabecera  ir al estado 54


estado 23

    2 cabecera_alg: decl_globales decl_a_f . decl_ent_sal tok_comentario

    tok_ent  desplazar e ir al estado 55
    tok_sal  desplazar e ir al estado 56

    decl_ent_sal  ir al estado 57
    decl_ent      ir al estado 58
    decl_salida   ir al estado 59


estado 24

    8 decl_a_f: funcion_d . decl_a_f

    tok_funcion  desplazar e ir al estado 22

    $default  reduce usando la regla 7 (decl_a_f)

    decl_a_f   ir al estado 60
    funcion_d  ir al estado 24


estado 25

    5 decl_globales: declaracion_tipo decl_globales .

    $default  reduce usando la regla 5 (decl_globales)


estado 26

    6 decl_globales: declaracion_const decl_globales .

    $default  reduce usando la regla 6 (decl_globales)


estado 27

   33 lista_d_cte: tok_id tok_igual . tok_literal_numerico tok_punto_y_coma lista_d_cte
   34            | tok_id tok_igual . tok_caracter tok_punto_y_coma lista_d_cte
   35            | tok_id tok_igual . tok_verdadero tok_punto_y_coma lista_d_cte
   36            | tok_id tok_igual . tok_falso tok_punto_y_coma lista_d_cte

    tok_literal_numerico  desplazar e ir al estado 61
    tok_falso             desplazar e ir al estado 62
    tok_verdadero         desplazar e ir al estado 63
    tok_caracter          desplazar e ir al estado 64


estado 28

   15 declaracion_const: tok_cconst lista_d_cte tok_fconst .

    $default  reduce usando la regla 15 (declaracion_const)


estado 29

   18 lista_d_tipo: tok_id tok_igual . d_tipo tok_punto_y_coma lista_d_tipo

    tok_id                desplazar e ir al estado 65
    tok_literal_numerico  desplazar e ir al estado 66
    tok_abre              desplazar e ir al estado 67
    tok_puntero           desplazar e ir al estado 68
    tok_falso             desplazar e ir al estado 69
    tok_no                desplazar e ir al estado 70
    tok_tabla             desplazar e ir al estado 71
    tok_tupla             desplazar e ir al estado 72
    tok_verdadero         desplazar e ir al estado 73
    tok_menos_unario      desplazar e ir al estado 74
    tok_caracter          desplazar e ir al estado 75

    d_tipo       ir al estado 76
    expresion_t  ir al estado 77
    exp          ir al estado 78
    operando     ir al estado 79
    funcion_ll   ir al estado 80


estado 30

   14 declaracion_tipo: tok_tipo lista_d_tipo tok_ftipo .

    $default  reduce usando la regla 14 (declaracion_tipo)


estado 31

   39 NLI: tok_id . tok_dos_puntos tipo
   40    | tok_id . NLI

    tok_id          desplazar e ir al estado 31
    tok_dos_puntos  desplazar e ir al estado 81

    NLI  ir al estado 82


estado 32

   16 declaracion_var: tok_var lista_d_var . tok_fvar

    tok_fvar  desplazar e ir al estado 83


estado 33

   38 lista_d_var: NLI . tok_punto_y_coma lista_d_var

    tok_punto_y_coma  desplazar e ir al estado 84


estado 34

    1 desc_algoritmo: tok_algoritmo tok_id cabecera_alg bloque_alg tok_falgoritmo .

    $default  reduce usando la regla 1 (desc_algoritmo)


estado 35

    3 bloque_alg: bloque tok_comentario .

    $default  reduce usando la regla 3 (bloque_alg)


estado 36

   62 operando: tok_id .
   88 accion_ll: tok_id . tok_abre l_ll tok_cierra

    tok_abre  desplazar e ir al estado 85

    $default  reduce usando la regla 62 (operando)


estado 37

   73 instruccion: tok_continuar .

    $default  reduce usando la regla 73 (instruccion)


estado 38

   84 it_cota_exp: tok_mientras . exp tok_hacer instrucciones tok_fmientras

    tok_id                desplazar e ir al estado 65
    tok_literal_numerico  desplazar e ir al estado 66
    tok_abre              desplazar e ir al estado 67
    tok_falso             desplazar e ir al estado 69
    tok_no                desplazar e ir al estado 70
    tok_verdadero         desplazar e ir al estado 73
    tok_menos_unario      desplazar e ir al estado 74

    exp         ir al estado 86
    operando    ir al estado 79
    funcion_ll  ir al estado 80


estado 39

   85 it_cota_fija: tok_para . asignacion tok_hasta exp tok_hacer instrucciones tok_fpara

    tok_id  desplazar e ir al estado 87

    operando    ir al estado 41
    asignacion  ir al estado 88


estado 40

   79 alternativa: tok_si . exp tok_flecha instrucciones lista_opciones tok_fsi

    tok_id                desplazar e ir al estado 65
    tok_literal_numerico  desplazar e ir al estado 66
    tok_abre              desplazar e ir al estado 67
    tok_falso             desplazar e ir al estado 69
    tok_no                desplazar e ir al estado 70
    tok_verdadero         desplazar e ir al estado 73
    tok_menos_unario      desplazar e ir al estado 74

    exp         ir al estado 89
    operando    ir al estado 79
    funcion_ll  ir al estado 80


estado 41

   63 operando: operando . tok_punto operando
   64         | operando . tok_abrec exp tok_cierrac
   78 asignacion: operando . tok_asignacion exp

    tok_punto       desplazar e ir al estado 90
    tok_asignacion  desplazar e ir al estado 91
    tok_abrec       desplazar e ir al estado 92


estado 42

    9 bloque: declaraciones instrucciones .

    $default  reduce usando la regla 9 (bloque)


estado 43

   71 instrucciones: instruccion . tok_punto_y_coma instrucciones
   72              | instruccion .

    tok_punto_y_coma  desplazar e ir al estado 93

    $default  reduce usando la regla 72 (instrucciones)


estado 44

   74 instruccion: asignacion .

    $default  reduce usando la regla 74 (instruccion)


estado 45

   75 instruccion: alternativa .

    $default  reduce usando la regla 75 (instruccion)


estado 46

   76 instruccion: iteracion .

    $default  reduce usando la regla 76 (instruccion)


estado 47

   83 iteracion: it_cota_exp .

    $default  reduce usando la regla 83 (iteracion)


estado 48

   82 iteracion: it_cota_fija .

    $default  reduce usando la regla 82 (iteracion)


estado 49

   77 instruccion: accion_ll .

    $default  reduce usando la regla 77 (instruccion)


estado 50

   11 declaraciones: declaracion_tipo declaraciones .

    $default  reduce usando la regla 11 (declaraciones)


estado 51

   12 declaraciones: declaracion_const declaraciones .

    $default  reduce usando la regla 12 (declaraciones)


estado 52

   13 declaraciones: declaracion_var declaraciones .

    $default  reduce usando la regla 13 (declaraciones)


estado 53

   87 f_cabecera: tok_id . tok_abre lista_d_var tok_cierra tok_dev tok_tipo tok_punto_y_coma

    tok_abre  desplazar e ir al estado 94


estado 54

   86 funcion_d: tok_funcion f_cabecera . bloque tok_dev exp tok_ffuncion

    tok_cconst  desplazar e ir al estado 5
    tok_tipo    desplazar e ir al estado 6
    tok_var     desplazar e ir al estado 15

    $default  reduce usando la regla 10 (declaraciones)

    bloque             ir al estado 95
    declaraciones      ir al estado 18
    declaracion_tipo   ir al estado 19
    declaracion_const  ir al estado 20
    declaracion_var    ir al estado 21


estado 55

   44 decl_ent: tok_ent . lista_d_var

    tok_id  desplazar e ir al estado 31

    $default  reduce usando la regla 37 (lista_d_var)

    lista_d_var  ir al estado 96
    NLI          ir al estado 33


estado 56

   45 decl_salida: tok_sal . lista_d_var

    tok_id  desplazar e ir al estado 31

    $default  reduce usando la regla 37 (lista_d_var)

    lista_d_var  ir al estado 97
    NLI          ir al estado 33


estado 57

    2 cabecera_alg: decl_globales decl_a_f decl_ent_sal . tok_comentario

    tok_comentario  desplazar e ir al estado 98


estado 58

   41 decl_ent_sal: decl_ent .
   42             | decl_ent . decl_salida

    tok_sal  desplazar e ir al estado 56

    $default  reduce usando la regla 41 (decl_ent_sal)

    decl_salida  ir al estado 99


estado 59

   43 decl_ent_sal: decl_salida .

    $default  reduce usando la regla 43 (decl_ent_sal)


estado 60

    8 decl_a_f: funcion_d decl_a_f .

    $default  reduce usando la regla 8 (decl_a_f)


estado 61

   33 lista_d_cte: tok_id tok_igual tok_literal_numerico . tok_punto_y_coma lista_d_cte

    tok_punto_y_coma  desplazar e ir al estado 100


estado 62

   36 lista_d_cte: tok_id tok_igual tok_falso . tok_punto_y_coma lista_d_cte

    tok_punto_y_coma  desplazar e ir al estado 101


estado 63

   35 lista_d_cte: tok_id tok_igual tok_verdadero . tok_punto_y_coma lista_d_cte

    tok_punto_y_coma  desplazar e ir al estado 102


estado 64

   34 lista_d_cte: tok_id tok_igual tok_caracter . tok_punto_y_coma lista_d_cte

    tok_punto_y_coma  desplazar e ir al estado 103


estado 65

   62 operando: tok_id .
   89 funcion_ll: tok_id . tok_abre l_ll tok_cierra

    tok_abre  desplazar e ir al estado 104

    $default  reduce usando la regla 62 (operando)


estado 66

   53 exp: tok_literal_numerico .

    $default  reduce usando la regla 53 (exp)


estado 67

   51 exp: tok_abre . exp tok_cierra

    tok_id                desplazar e ir al estado 65
    tok_literal_numerico  desplazar e ir al estado 66
    tok_abre              desplazar e ir al estado 67
    tok_falso             desplazar e ir al estado 69
    tok_no                desplazar e ir al estado 70
    tok_verdadero         desplazar e ir al estado 73
    tok_menos_unario      desplazar e ir al estado 74

    exp         ir al estado 105
    operando    ir al estado 79
    funcion_ll  ir al estado 80


estado 68

   22 d_tipo: tok_puntero . tipo

    tok_id        desplazar e ir al estado 106
    tok_entero    desplazar e ir al estado 107
    tok_booleano  desplazar e ir al estado 108
    tok_caracter  desplazar e ir al estado 109

    tipo          ir al estado 110
    tipo_escalar  ir al estado 111


estado 69

   58 exp: tok_falso .

    $default  reduce usando la regla 58 (exp)


estado 70

   56 exp: tok_no . exp

    tok_id                desplazar e ir al estado 65
    tok_literal_numerico  desplazar e ir al estado 66
    tok_abre              desplazar e ir al estado 67
    tok_falso             desplazar e ir al estado 69
    tok_no                desplazar e ir al estado 70
    tok_verdadero         desplazar e ir al estado 73
    tok_menos_unario      desplazar e ir al estado 74

    exp         ir al estado 112
    operando    ir al estado 79
    funcion_ll  ir al estado 80


estado 71

   20 d_tipo: tok_tabla . tok_abrec expresion_t tok_puntopunto expresion_t tok_cierrac tok_de tipo

    tok_abrec  desplazar e ir al estado 113


estado 72

   19 d_tipo: tok_tupla . lista_campos tok_ftupla

    tok_id  desplazar e ir al estado 114

    $default  reduce usando la regla 25 (lista_campos)

    lista_campos  ir al estado 115


estado 73

   57 exp: tok_verdadero .

    $default  reduce usando la regla 57 (exp)


estado 74

   50 exp: tok_menos_unario . exp

    tok_id                desplazar e ir al estado 65
    tok_literal_numerico  desplazar e ir al estado 66
    tok_abre              desplazar e ir al estado 67
    tok_falso             desplazar e ir al estado 69
    tok_no                desplazar e ir al estado 70
    tok_verdadero         desplazar e ir al estado 73
    tok_menos_unario      desplazar e ir al estado 74

    exp         ir al estado 116
    operando    ir al estado 79
    funcion_ll  ir al estado 80


estado 75

   24 expresion_t: tok_caracter .

    $default  reduce usando la regla 24 (expresion_t)


estado 76

   18 lista_d_tipo: tok_id tok_igual d_tipo . tok_punto_y_coma lista_d_tipo

    tok_punto_y_coma  desplazar e ir al estado 117


estado 77

   21 d_tipo: expresion_t . tok_puntopunto expresion_t

    tok_puntopunto  desplazar e ir al estado 118


estado 78

   23 expresion_t: exp .
   46 exp: exp . tok_mas exp
   47    | exp . tok_menos exp
   48    | exp . tok_por exp
   49    | exp . tok_div exp
   54    | exp . tok_yy exp
   55    | exp . tok_oo exp
   59    | exp . oprel exp
   61    | exp . tok_mod exp

    tok_igual        desplazar e ir al estado 119
    tok_div          desplazar e ir al estado 120
    tok_mod          desplazar e ir al estado 121
    tok_oo           desplazar e ir al estado 122
    tok_yy           desplazar e ir al estado 123
    tok_mas          desplazar e ir al estado 124
    tok_menos        desplazar e ir al estado 125
    tok_por          desplazar e ir al estado 126
    tok_menor        desplazar e ir al estado 127
    tok_mayor        desplazar e ir al estado 128
    tok_menor_igual  desplazar e ir al estado 129
    tok_mayor_igual  desplazar e ir al estado 130
    tok_distinto     desplazar e ir al estado 131

    $default  reduce usando la regla 23 (expresion_t)

    oprel  ir al estado 132


estado 79

   52 exp: operando .
   63 operando: operando . tok_punto operando
   64         | operando . tok_abrec exp tok_cierrac

    tok_punto  desplazar e ir al estado 90
    tok_abrec  desplazar e ir al estado 92

    $default  reduce usando la regla 52 (exp)


estado 80

   60 exp: funcion_ll .

    $default  reduce usando la regla 60 (exp)


estado 81

   39 NLI: tok_id tok_dos_puntos . tipo

    tok_id        desplazar e ir al estado 106
    tok_entero    desplazar e ir al estado 107
    tok_booleano  desplazar e ir al estado 108
    tok_caracter  desplazar e ir al estado 109

    tipo          ir al estado 133
    tipo_escalar  ir al estado 111


estado 82

   40 NLI: tok_id NLI .

    $default  reduce usando la regla 40 (NLI)


estado 83

   16 declaracion_var: tok_var lista_d_var tok_fvar .

    $default  reduce usando la regla 16 (declaracion_var)


estado 84

   38 lista_d_var: NLI tok_punto_y_coma . lista_d_var

    tok_id  desplazar e ir al estado 31

    $default  reduce usando la regla 37 (lista_d_var)

    lista_d_var  ir al estado 134
    NLI          ir al estado 33


estado 85

   88 accion_ll: tok_id tok_abre . l_ll tok_cierra

    tok_id                desplazar e ir al estado 65
    tok_literal_numerico  desplazar e ir al estado 66
    tok_abre              desplazar e ir al estado 67
    tok_falso             desplazar e ir al estado 69
    tok_no                desplazar e ir al estado 70
    tok_verdadero         desplazar e ir al estado 73
    tok_menos_unario      desplazar e ir al estado 74

    exp         ir al estado 135
    operando    ir al estado 79
    funcion_ll  ir al estado 80
    l_ll        ir al estado 136


estado 86

   46 exp: exp . tok_mas exp
   47    | exp . tok_menos exp
   48    | exp . tok_por exp
   49    | exp . tok_div exp
   54    | exp . tok_yy exp
   55    | exp . tok_oo exp
   59    | exp . oprel exp
   61    | exp . tok_mod exp
   84 it_cota_exp: tok_mientras exp . tok_hacer instrucciones tok_fmientras

    tok_igual        desplazar e ir al estado 119
    tok_div          desplazar e ir al estado 120
    tok_hacer        desplazar e ir al estado 137
    tok_mod          desplazar e ir al estado 121
    tok_oo           desplazar e ir al estado 122
    tok_yy           desplazar e ir al estado 123
    tok_mas          desplazar e ir al estado 124
    tok_menos        desplazar e ir al estado 125
    tok_por          desplazar e ir al estado 126
    tok_menor        desplazar e ir al estado 127
    tok_mayor        desplazar e ir al estado 128
    tok_menor_igual  desplazar e ir al estado 129
    tok_mayor_igual  desplazar e ir al estado 130
    tok_distinto     desplazar e ir al estado 131

    oprel  ir al estado 132


estado 87

   62 operando: tok_id .

    $default  reduce usando la regla 62 (operando)


estado 88

   85 it_cota_fija: tok_para asignacion . tok_hasta exp tok_hacer instrucciones tok_fpara

    tok_hasta  desplazar e ir al estado 138


estado 89

   46 exp: exp . tok_mas exp
   47    | exp . tok_menos exp
   48    | exp . tok_por exp
   49    | exp . tok_div exp
   54    | exp . tok_yy exp
   55    | exp . tok_oo exp
   59    | exp . oprel exp
   61    | exp . tok_mod exp
   79 alternativa: tok_si exp . tok_flecha instrucciones lista_opciones tok_fsi

    tok_flecha       desplazar e ir al estado 139
    tok_igual        desplazar e ir al estado 119
    tok_div          desplazar e ir al estado 120
    tok_mod          desplazar e ir al estado 121
    tok_oo           desplazar e ir al estado 122
    tok_yy           desplazar e ir al estado 123
    tok_mas          desplazar e ir al estado 124
    tok_menos        desplazar e ir al estado 125
    tok_por          desplazar e ir al estado 126
    tok_menor        desplazar e ir al estado 127
    tok_mayor        desplazar e ir al estado 128
    tok_menor_igual  desplazar e ir al estado 129
    tok_mayor_igual  desplazar e ir al estado 130
    tok_distinto     desplazar e ir al estado 131

    oprel  ir al estado 132


estado 90

   63 operando: operando tok_punto . operando

    tok_id  desplazar e ir al estado 87

    operando  ir al estado 140


estado 91

   78 asignacion: operando tok_asignacion . exp

    tok_id                desplazar e ir al estado 65
    tok_literal_numerico  desplazar e ir al estado 66
    tok_abre              desplazar e ir al estado 67
    tok_falso             desplazar e ir al estado 69
    tok_no                desplazar e ir al estado 70
    tok_verdadero         desplazar e ir al estado 73
    tok_menos_unario      desplazar e ir al estado 74

    exp         ir al estado 141
    operando    ir al estado 79
    funcion_ll  ir al estado 80


estado 92

   64 operando: operando tok_abrec . exp tok_cierrac

    tok_id                desplazar e ir al estado 65
    tok_literal_numerico  desplazar e ir al estado 66
    tok_abre              desplazar e ir al estado 67
    tok_falso             desplazar e ir al estado 69
    tok_no                desplazar e ir al estado 70
    tok_verdadero         desplazar e ir al estado 73
    tok_menos_unario      desplazar e ir al estado 74

    exp         ir al estado 142
    operando    ir al estado 79
    funcion_ll  ir al estado 80


estado 93

   71 instrucciones: instruccion tok_punto_y_coma . instrucciones

    tok_id         desplazar e ir al estado 36
    tok_continuar  desplazar e ir al estado 37
    tok_mientras   desplazar e ir al estado 38
    tok_para       desplazar e ir al estado 39
    tok_si         desplazar e ir al estado 40

    operando       ir al estado 41
    instrucciones  ir al estado 143
    instruccion    ir al estado 43
    asignacion     ir al estado 44
    alternativa    ir al estado 45
    iteracion      ir al estado 46
    it_cota_exp    ir al estado 47
    it_cota_fija   ir al estado 48
    accion_ll      ir al estado 49


estado 94

   87 f_cabecera: tok_id tok_abre . lista_d_var tok_cierra tok_dev tok_tipo tok_punto_y_coma

    tok_id  desplazar e ir al estado 31

    $default  reduce usando la regla 37 (lista_d_var)

    lista_d_var  ir al estado 144
    NLI          ir al estado 33


estado 95

   86 funcion_d: tok_funcion f_cabecera bloque . tok_dev exp tok_ffuncion

    tok_dev  desplazar e ir al estado 145


estado 96

   44 decl_ent: tok_ent lista_d_var .

    $default  reduce usando la regla 44 (decl_ent)


estado 97

   45 decl_salida: tok_sal lista_d_var .

    $default  reduce usando la regla 45 (decl_salida)


estado 98

    2 cabecera_alg: decl_globales decl_a_f decl_ent_sal tok_comentario .

    $default  reduce usando la regla 2 (cabecera_alg)


estado 99

   42 decl_ent_sal: decl_ent decl_salida .

    $default  reduce usando la regla 42 (decl_ent_sal)


estado 100

   33 lista_d_cte: tok_id tok_igual tok_literal_numerico tok_punto_y_coma . lista_d_cte

    tok_id  desplazar e ir al estado 11

    $default  reduce usando la regla 32 (lista_d_cte)

    lista_d_cte  ir al estado 146


estado 101

   36 lista_d_cte: tok_id tok_igual tok_falso tok_punto_y_coma . lista_d_cte

    tok_id  desplazar e ir al estado 11

    $default  reduce usando la regla 32 (lista_d_cte)

    lista_d_cte  ir al estado 147


estado 102

   35 lista_d_cte: tok_id tok_igual tok_verdadero tok_punto_y_coma . lista_d_cte

    tok_id  desplazar e ir al estado 11

    $default  reduce usando la regla 32 (lista_d_cte)

    lista_d_cte  ir al estado 148


estado 103

   34 lista_d_cte: tok_id tok_igual tok_caracter tok_punto_y_coma . lista_d_cte

    tok_id  desplazar e ir al estado 11

    $default  reduce usando la regla 32 (lista_d_cte)

    lista_d_cte  ir al estado 149


estado 104

   89 funcion_ll: tok_id tok_abre . l_ll tok_cierra

    tok_id                desplazar e ir al estado 65
    tok_literal_numerico  desplazar e ir al estado 66
    tok_abre              desplazar e ir al estado 67
    tok_falso             desplazar e ir al estado 69
    tok_no                desplazar e ir al estado 70
    tok_verdadero         desplazar e ir al estado 73
    tok_menos_unario      desplazar e ir al estado 74

    exp         ir al estado 135
    operando    ir al estado 79
    funcion_ll  ir al estado 80
    l_ll        ir al estado 150


estado 105

   46 exp: exp . tok_mas exp
   47    | exp . tok_menos exp
   48    | exp . tok_por exp
   49    | exp . tok_div exp
   51    | tok_abre exp . tok_cierra
   54    | exp . tok_yy exp
   55    | exp . tok_oo exp
   59    | exp . oprel exp
   61    | exp . tok_mod exp

    tok_igual        desplazar e ir al estado 119
    tok_cierra       desplazar e ir al estado 151
    tok_div          desplazar e ir al estado 120
    tok_mod          desplazar e ir al estado 121
    tok_oo           desplazar e ir al estado 122
    tok_yy           desplazar e ir al estado 123
    tok_mas          desplazar e ir al estado 124
    tok_menos        desplazar e ir al estado 125
    tok_por          desplazar e ir al estado 126
    tok_menor        desplazar e ir al estado 127
    tok_mayor        desplazar e ir al estado 128
    tok_menor_igual  desplazar e ir al estado 129
    tok_mayor_igual  desplazar e ir al estado 130
    tok_distinto     desplazar e ir al estado 131

    oprel  ir al estado 132


estado 106

   28 tipo: tok_id .

    $default  reduce usando la regla 28 (tipo)


estado 107

   29 tipo_escalar: tok_entero .

    $default  reduce usando la regla 29 (tipo_escalar)


estado 108

   30 tipo_escalar: tok_booleano .

    $default  reduce usando la regla 30 (tipo_escalar)


estado 109

   31 tipo_escalar: tok_caracter .

    $default  reduce usando la regla 31 (tipo_escalar)


estado 110

   22 d_tipo: tok_puntero tipo .

    $default  reduce usando la regla 22 (d_tipo)


estado 111

   27 tipo: tipo_escalar .

    $default  reduce usando la regla 27 (tipo)


estado 112

   46 exp: exp . tok_mas exp
   47    | exp . tok_menos exp
   48    | exp . tok_por exp
   49    | exp . tok_div exp
   54    | exp . tok_yy exp
   55    | exp . tok_oo exp
   56    | tok_no exp .
   59    | exp . oprel exp
   61    | exp . tok_mod exp

    tok_igual        desplazar e ir al estado 119
    tok_div          desplazar e ir al estado 120
    tok_mod          desplazar e ir al estado 121
    tok_oo           desplazar e ir al estado 122
    tok_yy           desplazar e ir al estado 123
    tok_mas          desplazar e ir al estado 124
    tok_menos        desplazar e ir al estado 125
    tok_por          desplazar e ir al estado 126
    tok_menor        desplazar e ir al estado 127
    tok_mayor        desplazar e ir al estado 128
    tok_menor_igual  desplazar e ir al estado 129
    tok_mayor_igual  desplazar e ir al estado 130
    tok_distinto     desplazar e ir al estado 131

    tok_igual        [reduce usando la regla 56 (exp)]
    tok_div          [reduce usando la regla 56 (exp)]
    tok_mod          [reduce usando la regla 56 (exp)]
    tok_oo           [reduce usando la regla 56 (exp)]
    tok_yy           [reduce usando la regla 56 (exp)]
    tok_mas          [reduce usando la regla 56 (exp)]
    tok_menos        [reduce usando la regla 56 (exp)]
    tok_por          [reduce usando la regla 56 (exp)]
    tok_menor        [reduce usando la regla 56 (exp)]
    tok_mayor        [reduce usando la regla 56 (exp)]
    tok_menor_igual  [reduce usando la regla 56 (exp)]
    tok_mayor_igual  [reduce usando la regla 56 (exp)]
    tok_distinto     [reduce usando la regla 56 (exp)]
    $default         reduce usando la regla 56 (exp)

    oprel  ir al estado 132


estado 113

   20 d_tipo: tok_tabla tok_abrec . expresion_t tok_puntopunto expresion_t tok_cierrac tok_de tipo

    tok_id                desplazar e ir al estado 65
    tok_literal_numerico  desplazar e ir al estado 66
    tok_abre              desplazar e ir al estado 67
    tok_falso             desplazar e ir al estado 69
    tok_no                desplazar e ir al estado 70
    tok_verdadero         desplazar e ir al estado 73
    tok_menos_unario      desplazar e ir al estado 74
    tok_caracter          desplazar e ir al estado 75

    expresion_t  ir al estado 152
    exp          ir al estado 78
    operando     ir al estado 79
    funcion_ll   ir al estado 80


estado 114

   26 lista_campos: tok_id . tok_dos_puntos tok_tipo tok_punto_y_coma lista_campos

    tok_dos_puntos  desplazar e ir al estado 153


estado 115

   19 d_tipo: tok_tupla lista_campos . tok_ftupla

    tok_ftupla  desplazar e ir al estado 154


estado 116

   46 exp: exp . tok_mas exp
   47    | exp . tok_menos exp
   48    | exp . tok_por exp
   49    | exp . tok_div exp
   50    | tok_menos_unario exp .
   54    | exp . tok_yy exp
   55    | exp . tok_oo exp
   59    | exp . oprel exp
   61    | exp . tok_mod exp

    $default  reduce usando la regla 50 (exp)

    oprel  ir al estado 132


estado 117

   18 lista_d_tipo: tok_id tok_igual d_tipo tok_punto_y_coma . lista_d_tipo

    tok_id  desplazar e ir al estado 13

    $default  reduce usando la regla 17 (lista_d_tipo)

    lista_d_tipo  ir al estado 155


estado 118

   21 d_tipo: expresion_t tok_puntopunto . expresion_t

    tok_id                desplazar e ir al estado 65
    tok_literal_numerico  desplazar e ir al estado 66
    tok_abre              desplazar e ir al estado 67
    tok_falso             desplazar e ir al estado 69
    tok_no                desplazar e ir al estado 70
    tok_verdadero         desplazar e ir al estado 73
    tok_menos_unario      desplazar e ir al estado 74
    tok_caracter          desplazar e ir al estado 75

    expresion_t  ir al estado 156
    exp          ir al estado 78
    operando     ir al estado 79
    funcion_ll   ir al estado 80


estado 119

   65 oprel: tok_igual .

    $default  reduce usando la regla 65 (oprel)


estado 120

   49 exp: exp tok_div . exp

    tok_id                desplazar e ir al estado 65
    tok_literal_numerico  desplazar e ir al estado 66
    tok_abre              desplazar e ir al estado 67
    tok_falso             desplazar e ir al estado 69
    tok_no                desplazar e ir al estado 70
    tok_verdadero         desplazar e ir al estado 73
    tok_menos_unario      desplazar e ir al estado 74

    exp         ir al estado 157
    operando    ir al estado 79
    funcion_ll  ir al estado 80


estado 121

   61 exp: exp tok_mod . exp

    tok_id                desplazar e ir al estado 65
    tok_literal_numerico  desplazar e ir al estado 66
    tok_abre              desplazar e ir al estado 67
    tok_falso             desplazar e ir al estado 69
    tok_no                desplazar e ir al estado 70
    tok_verdadero         desplazar e ir al estado 73
    tok_menos_unario      desplazar e ir al estado 74

    exp         ir al estado 158
    operando    ir al estado 79
    funcion_ll  ir al estado 80


estado 122

   55 exp: exp tok_oo . exp

    tok_id                desplazar e ir al estado 65
    tok_literal_numerico  desplazar e ir al estado 66
    tok_abre              desplazar e ir al estado 67
    tok_falso             desplazar e ir al estado 69
    tok_no                desplazar e ir al estado 70
    tok_verdadero         desplazar e ir al estado 73
    tok_menos_unario      desplazar e ir al estado 74

    exp         ir al estado 159
    operando    ir al estado 79
    funcion_ll  ir al estado 80


estado 123

   54 exp: exp tok_yy . exp

    tok_id                desplazar e ir al estado 65
    tok_literal_numerico  desplazar e ir al estado 66
    tok_abre              desplazar e ir al estado 67
    tok_falso             desplazar e ir al estado 69
    tok_no                desplazar e ir al estado 70
    tok_verdadero         desplazar e ir al estado 73
    tok_menos_unario      desplazar e ir al estado 74

    exp         ir al estado 160
    operando    ir al estado 79
    funcion_ll  ir al estado 80


estado 124

   46 exp: exp tok_mas . exp

    tok_id                desplazar e ir al estado 65
    tok_literal_numerico  desplazar e ir al estado 66
    tok_abre              desplazar e ir al estado 67
    tok_falso             desplazar e ir al estado 69
    tok_no                desplazar e ir al estado 70
    tok_verdadero         desplazar e ir al estado 73
    tok_menos_unario      desplazar e ir al estado 74

    exp         ir al estado 161
    operando    ir al estado 79
    funcion_ll  ir al estado 80


estado 125

   47 exp: exp tok_menos . exp

    tok_id                desplazar e ir al estado 65
    tok_literal_numerico  desplazar e ir al estado 66
    tok_abre              desplazar e ir al estado 67
    tok_falso             desplazar e ir al estado 69
    tok_no                desplazar e ir al estado 70
    tok_verdadero         desplazar e ir al estado 73
    tok_menos_unario      desplazar e ir al estado 74

    exp         ir al estado 162
    operando    ir al estado 79
    funcion_ll  ir al estado 80


estado 126

   48 exp: exp tok_por . exp

    tok_id                desplazar e ir al estado 65
    tok_literal_numerico  desplazar e ir al estado 66
    tok_abre              desplazar e ir al estado 67
    tok_falso             desplazar e ir al estado 69
    tok_no                desplazar e ir al estado 70
    tok_verdadero         desplazar e ir al estado 73
    tok_menos_unario      desplazar e ir al estado 74

    exp         ir al estado 163
    operando    ir al estado 79
    funcion_ll  ir al estado 80


estado 127

   66 oprel: tok_menor .

    $default  reduce usando la regla 66 (oprel)


estado 128

   67 oprel: tok_mayor .

    $default  reduce usando la regla 67 (oprel)


estado 129

   68 oprel: tok_menor_igual .

    $default  reduce usando la regla 68 (oprel)


estado 130

   69 oprel: tok_mayor_igual .

    $default  reduce usando la regla 69 (oprel)


estado 131

   70 oprel: tok_distinto .

    $default  reduce usando la regla 70 (oprel)


estado 132

   59 exp: exp oprel . exp

    tok_id                desplazar e ir al estado 65
    tok_literal_numerico  desplazar e ir al estado 66
    tok_abre              desplazar e ir al estado 67
    tok_falso             desplazar e ir al estado 69
    tok_no                desplazar e ir al estado 70
    tok_verdadero         desplazar e ir al estado 73
    tok_menos_unario      desplazar e ir al estado 74

    exp         ir al estado 164
    operando    ir al estado 79
    funcion_ll  ir al estado 80


estado 133

   39 NLI: tok_id tok_dos_puntos tipo .

    $default  reduce usando la regla 39 (NLI)


estado 134

   38 lista_d_var: NLI tok_punto_y_coma lista_d_var .

    $default  reduce usando la regla 38 (lista_d_var)


estado 135

   46 exp: exp . tok_mas exp
   47    | exp . tok_menos exp
   48    | exp . tok_por exp
   49    | exp . tok_div exp
   54    | exp . tok_yy exp
   55    | exp . tok_oo exp
   59    | exp . oprel exp
   61    | exp . tok_mod exp
   90 l_ll: exp . tok_coma l_ll
   91     | exp .

    tok_coma         desplazar e ir al estado 165
    tok_igual        desplazar e ir al estado 119
    tok_div          desplazar e ir al estado 120
    tok_mod          desplazar e ir al estado 121
    tok_oo           desplazar e ir al estado 122
    tok_yy           desplazar e ir al estado 123
    tok_mas          desplazar e ir al estado 124
    tok_menos        desplazar e ir al estado 125
    tok_por          desplazar e ir al estado 126
    tok_menor        desplazar e ir al estado 127
    tok_mayor        desplazar e ir al estado 128
    tok_menor_igual  desplazar e ir al estado 129
    tok_mayor_igual  desplazar e ir al estado 130
    tok_distinto     desplazar e ir al estado 131

    $default  reduce usando la regla 91 (l_ll)

    oprel  ir al estado 132


estado 136

   88 accion_ll: tok_id tok_abre l_ll . tok_cierra

    tok_cierra  desplazar e ir al estado 166


estado 137

   84 it_cota_exp: tok_mientras exp tok_hacer . instrucciones tok_fmientras

    tok_id         desplazar e ir al estado 36
    tok_continuar  desplazar e ir al estado 37
    tok_mientras   desplazar e ir al estado 38
    tok_para       desplazar e ir al estado 39
    tok_si         desplazar e ir al estado 40

    operando       ir al estado 41
    instrucciones  ir al estado 167
    instruccion    ir al estado 43
    asignacion     ir al estado 44
    alternativa    ir al estado 45
    iteracion      ir al estado 46
    it_cota_exp    ir al estado 47
    it_cota_fija   ir al estado 48
    accion_ll      ir al estado 49


estado 138

   85 it_cota_fija: tok_para asignacion tok_hasta . exp tok_hacer instrucciones tok_fpara

    tok_id                desplazar e ir al estado 65
    tok_literal_numerico  desplazar e ir al estado 66
    tok_abre              desplazar e ir al estado 67
    tok_falso             desplazar e ir al estado 69
    tok_no                desplazar e ir al estado 70
    tok_verdadero         desplazar e ir al estado 73
    tok_menos_unario      desplazar e ir al estado 74

    exp         ir al estado 168
    operando    ir al estado 79
    funcion_ll  ir al estado 80


estado 139

   79 alternativa: tok_si exp tok_flecha . instrucciones lista_opciones tok_fsi

    tok_id         desplazar e ir al estado 36
    tok_continuar  desplazar e ir al estado 37
    tok_mientras   desplazar e ir al estado 38
    tok_para       desplazar e ir al estado 39
    tok_si         desplazar e ir al estado 40

    operando       ir al estado 41
    instrucciones  ir al estado 169
    instruccion    ir al estado 43
    asignacion     ir al estado 44
    alternativa    ir al estado 45
    iteracion      ir al estado 46
    it_cota_exp    ir al estado 47
    it_cota_fija   ir al estado 48
    accion_ll      ir al estado 49


estado 140

   63 operando: operando . tok_punto operando
   63         | operando tok_punto operando .
   64         | operando . tok_abrec exp tok_cierrac

    tok_punto  desplazar e ir al estado 90
    tok_abrec  desplazar e ir al estado 92

    tok_punto  [reduce usando la regla 63 (operando)]
    tok_abrec  [reduce usando la regla 63 (operando)]
    $default   reduce usando la regla 63 (operando)


estado 141

   46 exp: exp . tok_mas exp
   47    | exp . tok_menos exp
   48    | exp . tok_por exp
   49    | exp . tok_div exp
   54    | exp . tok_yy exp
   55    | exp . tok_oo exp
   59    | exp . oprel exp
   61    | exp . tok_mod exp
   78 asignacion: operando tok_asignacion exp .

    tok_igual        desplazar e ir al estado 119
    tok_div          desplazar e ir al estado 120
    tok_mod          desplazar e ir al estado 121
    tok_oo           desplazar e ir al estado 122
    tok_yy           desplazar e ir al estado 123
    tok_mas          desplazar e ir al estado 124
    tok_menos        desplazar e ir al estado 125
    tok_por          desplazar e ir al estado 126
    tok_menor        desplazar e ir al estado 127
    tok_mayor        desplazar e ir al estado 128
    tok_menor_igual  desplazar e ir al estado 129
    tok_mayor_igual  desplazar e ir al estado 130
    tok_distinto     desplazar e ir al estado 131

    $default  reduce usando la regla 78 (asignacion)

    oprel  ir al estado 132


estado 142

   46 exp: exp . tok_mas exp
   47    | exp . tok_menos exp
   48    | exp . tok_por exp
   49    | exp . tok_div exp
   54    | exp . tok_yy exp
   55    | exp . tok_oo exp
   59    | exp . oprel exp
   61    | exp . tok_mod exp
   64 operando: operando tok_abrec exp . tok_cierrac

    tok_igual        desplazar e ir al estado 119
    tok_cierrac      desplazar e ir al estado 170
    tok_div          desplazar e ir al estado 120
    tok_mod          desplazar e ir al estado 121
    tok_oo           desplazar e ir al estado 122
    tok_yy           desplazar e ir al estado 123
    tok_mas          desplazar e ir al estado 124
    tok_menos        desplazar e ir al estado 125
    tok_por          desplazar e ir al estado 126
    tok_menor        desplazar e ir al estado 127
    tok_mayor        desplazar e ir al estado 128
    tok_menor_igual  desplazar e ir al estado 129
    tok_mayor_igual  desplazar e ir al estado 130
    tok_distinto     desplazar e ir al estado 131

    oprel  ir al estado 132


estado 143

   71 instrucciones: instruccion tok_punto_y_coma instrucciones .

    $default  reduce usando la regla 71 (instrucciones)


estado 144

   87 f_cabecera: tok_id tok_abre lista_d_var . tok_cierra tok_dev tok_tipo tok_punto_y_coma

    tok_cierra  desplazar e ir al estado 171


estado 145

   86 funcion_d: tok_funcion f_cabecera bloque tok_dev . exp tok_ffuncion

    tok_id                desplazar e ir al estado 65
    tok_literal_numerico  desplazar e ir al estado 66
    tok_abre              desplazar e ir al estado 67
    tok_falso             desplazar e ir al estado 69
    tok_no                desplazar e ir al estado 70
    tok_verdadero         desplazar e ir al estado 73
    tok_menos_unario      desplazar e ir al estado 74

    exp         ir al estado 172
    operando    ir al estado 79
    funcion_ll  ir al estado 80


estado 146

   33 lista_d_cte: tok_id tok_igual tok_literal_numerico tok_punto_y_coma lista_d_cte .

    $default  reduce usando la regla 33 (lista_d_cte)


estado 147

   36 lista_d_cte: tok_id tok_igual tok_falso tok_punto_y_coma lista_d_cte .

    $default  reduce usando la regla 36 (lista_d_cte)


estado 148

   35 lista_d_cte: tok_id tok_igual tok_verdadero tok_punto_y_coma lista_d_cte .

    $default  reduce usando la regla 35 (lista_d_cte)


estado 149

   34 lista_d_cte: tok_id tok_igual tok_caracter tok_punto_y_coma lista_d_cte .

    $default  reduce usando la regla 34 (lista_d_cte)


estado 150

   89 funcion_ll: tok_id tok_abre l_ll . tok_cierra

    tok_cierra  desplazar e ir al estado 173


estado 151

   51 exp: tok_abre exp tok_cierra .

    $default  reduce usando la regla 51 (exp)


estado 152

   20 d_tipo: tok_tabla tok_abrec expresion_t . tok_puntopunto expresion_t tok_cierrac tok_de tipo

    tok_puntopunto  desplazar e ir al estado 174


estado 153

   26 lista_campos: tok_id tok_dos_puntos . tok_tipo tok_punto_y_coma lista_campos

    tok_tipo  desplazar e ir al estado 175


estado 154

   19 d_tipo: tok_tupla lista_campos tok_ftupla .

    $default  reduce usando la regla 19 (d_tipo)


estado 155

   18 lista_d_tipo: tok_id tok_igual d_tipo tok_punto_y_coma lista_d_tipo .

    $default  reduce usando la regla 18 (lista_d_tipo)


estado 156

   21 d_tipo: expresion_t tok_puntopunto expresion_t .

    $default  reduce usando la regla 21 (d_tipo)


estado 157

   46 exp: exp . tok_mas exp
   47    | exp . tok_menos exp
   48    | exp . tok_por exp
   49    | exp . tok_div exp
   49    | exp tok_div exp .
   54    | exp . tok_yy exp
   55    | exp . tok_oo exp
   59    | exp . oprel exp
   61    | exp . tok_mod exp

    $default  reduce usando la regla 49 (exp)

    oprel  ir al estado 132


estado 158

   46 exp: exp . tok_mas exp
   47    | exp . tok_menos exp
   48    | exp . tok_por exp
   49    | exp . tok_div exp
   54    | exp . tok_yy exp
   55    | exp . tok_oo exp
   59    | exp . oprel exp
   61    | exp . tok_mod exp
   61    | exp tok_mod exp .

    $default  reduce usando la regla 61 (exp)

    oprel  ir al estado 132


estado 159

   46 exp: exp . tok_mas exp
   47    | exp . tok_menos exp
   48    | exp . tok_por exp
   49    | exp . tok_div exp
   54    | exp . tok_yy exp
   55    | exp . tok_oo exp
   55    | exp tok_oo exp .
   59    | exp . oprel exp
   61    | exp . tok_mod exp

    tok_div    desplazar e ir al estado 120
    tok_mod    desplazar e ir al estado 121
    tok_mas    desplazar e ir al estado 124
    tok_menos  desplazar e ir al estado 125
    tok_por    desplazar e ir al estado 126

    $default  reduce usando la regla 55 (exp)

    oprel  ir al estado 132


estado 160

   46 exp: exp . tok_mas exp
   47    | exp . tok_menos exp
   48    | exp . tok_por exp
   49    | exp . tok_div exp
   54    | exp . tok_yy exp
   54    | exp tok_yy exp .
   55    | exp . tok_oo exp
   59    | exp . oprel exp
   61    | exp . tok_mod exp

    tok_div    desplazar e ir al estado 120
    tok_mod    desplazar e ir al estado 121
    tok_mas    desplazar e ir al estado 124
    tok_menos  desplazar e ir al estado 125
    tok_por    desplazar e ir al estado 126

    $default  reduce usando la regla 54 (exp)

    oprel  ir al estado 132


estado 161

   46 exp: exp . tok_mas exp
   46    | exp tok_mas exp .
   47    | exp . tok_menos exp
   48    | exp . tok_por exp
   49    | exp . tok_div exp
   54    | exp . tok_yy exp
   55    | exp . tok_oo exp
   59    | exp . oprel exp
   61    | exp . tok_mod exp

    tok_div  desplazar e ir al estado 120
    tok_mod  desplazar e ir al estado 121
    tok_por  desplazar e ir al estado 126

    $default  reduce usando la regla 46 (exp)

    oprel  ir al estado 132


estado 162

   46 exp: exp . tok_mas exp
   47    | exp . tok_menos exp
   47    | exp tok_menos exp .
   48    | exp . tok_por exp
   49    | exp . tok_div exp
   54    | exp . tok_yy exp
   55    | exp . tok_oo exp
   59    | exp . oprel exp
   61    | exp . tok_mod exp

    tok_div  desplazar e ir al estado 120
    tok_mod  desplazar e ir al estado 121
    tok_por  desplazar e ir al estado 126

    $default  reduce usando la regla 47 (exp)

    oprel  ir al estado 132


estado 163

   46 exp: exp . tok_mas exp
   47    | exp . tok_menos exp
   48    | exp . tok_por exp
   48    | exp tok_por exp .
   49    | exp . tok_div exp
   54    | exp . tok_yy exp
   55    | exp . tok_oo exp
   59    | exp . oprel exp
   61    | exp . tok_mod exp

    $default  reduce usando la regla 48 (exp)

    oprel  ir al estado 132


estado 164

   46 exp: exp . tok_mas exp
   47    | exp . tok_menos exp
   48    | exp . tok_por exp
   49    | exp . tok_div exp
   54    | exp . tok_yy exp
   55    | exp . tok_oo exp
   59    | exp . oprel exp
   59    | exp oprel exp .
   61    | exp . tok_mod exp

    tok_igual        desplazar e ir al estado 119
    tok_div          desplazar e ir al estado 120
    tok_mod          desplazar e ir al estado 121
    tok_oo           desplazar e ir al estado 122
    tok_yy           desplazar e ir al estado 123
    tok_mas          desplazar e ir al estado 124
    tok_menos        desplazar e ir al estado 125
    tok_por          desplazar e ir al estado 126
    tok_menor        desplazar e ir al estado 127
    tok_mayor        desplazar e ir al estado 128
    tok_menor_igual  desplazar e ir al estado 129
    tok_mayor_igual  desplazar e ir al estado 130
    tok_distinto     desplazar e ir al estado 131

    tok_igual        [reduce usando la regla 59 (exp)]
    tok_div          [reduce usando la regla 59 (exp)]
    tok_mod          [reduce usando la regla 59 (exp)]
    tok_oo           [reduce usando la regla 59 (exp)]
    tok_yy           [reduce usando la regla 59 (exp)]
    tok_mas          [reduce usando la regla 59 (exp)]
    tok_menos        [reduce usando la regla 59 (exp)]
    tok_por          [reduce usando la regla 59 (exp)]
    tok_menor        [reduce usando la regla 59 (exp)]
    tok_mayor        [reduce usando la regla 59 (exp)]
    tok_menor_igual  [reduce usando la regla 59 (exp)]
    tok_mayor_igual  [reduce usando la regla 59 (exp)]
    tok_distinto     [reduce usando la regla 59 (exp)]
    $default         reduce usando la regla 59 (exp)

    oprel  ir al estado 132


estado 165

   90 l_ll: exp tok_coma . l_ll

    tok_id                desplazar e ir al estado 65
    tok_literal_numerico  desplazar e ir al estado 66
    tok_abre              desplazar e ir al estado 67
    tok_falso             desplazar e ir al estado 69
    tok_no                desplazar e ir al estado 70
    tok_verdadero         desplazar e ir al estado 73
    tok_menos_unario      desplazar e ir al estado 74

    exp         ir al estado 135
    operando    ir al estado 79
    funcion_ll  ir al estado 80
    l_ll        ir al estado 176


estado 166

   88 accion_ll: tok_id tok_abre l_ll tok_cierra .

    $default  reduce usando la regla 88 (accion_ll)


estado 167

   84 it_cota_exp: tok_mientras exp tok_hacer instrucciones . tok_fmientras

    tok_fmientras  desplazar e ir al estado 177


estado 168

   46 exp: exp . tok_mas exp
   47    | exp . tok_menos exp
   48    | exp . tok_por exp
   49    | exp . tok_div exp
   54    | exp . tok_yy exp
   55    | exp . tok_oo exp
   59    | exp . oprel exp
   61    | exp . tok_mod exp
   85 it_cota_fija: tok_para asignacion tok_hasta exp . tok_hacer instrucciones tok_fpara

    tok_igual        desplazar e ir al estado 119
    tok_div          desplazar e ir al estado 120
    tok_hacer        desplazar e ir al estado 178
    tok_mod          desplazar e ir al estado 121
    tok_oo           desplazar e ir al estado 122
    tok_yy           desplazar e ir al estado 123
    tok_mas          desplazar e ir al estado 124
    tok_menos        desplazar e ir al estado 125
    tok_por          desplazar e ir al estado 126
    tok_menor        desplazar e ir al estado 127
    tok_mayor        desplazar e ir al estado 128
    tok_menor_igual  desplazar e ir al estado 129
    tok_mayor_igual  desplazar e ir al estado 130
    tok_distinto     desplazar e ir al estado 131

    oprel  ir al estado 132


estado 169

   79 alternativa: tok_si exp tok_flecha instrucciones . lista_opciones tok_fsi

    tok_corchetes  desplazar e ir al estado 179

    $default  reduce usando la regla 80 (lista_opciones)

    lista_opciones  ir al estado 180


estado 170

   64 operando: operando tok_abrec exp tok_cierrac .

    $default  reduce usando la regla 64 (operando)


estado 171

   87 f_cabecera: tok_id tok_abre lista_d_var tok_cierra . tok_dev tok_tipo tok_punto_y_coma

    tok_dev  desplazar e ir al estado 181


estado 172

   46 exp: exp . tok_mas exp
   47    | exp . tok_menos exp
   48    | exp . tok_por exp
   49    | exp . tok_div exp
   54    | exp . tok_yy exp
   55    | exp . tok_oo exp
   59    | exp . oprel exp
   61    | exp . tok_mod exp
   86 funcion_d: tok_funcion f_cabecera bloque tok_dev exp . tok_ffuncion

    tok_igual        desplazar e ir al estado 119
    tok_div          desplazar e ir al estado 120
    tok_ffuncion     desplazar e ir al estado 182
    tok_mod          desplazar e ir al estado 121
    tok_oo           desplazar e ir al estado 122
    tok_yy           desplazar e ir al estado 123
    tok_mas          desplazar e ir al estado 124
    tok_menos        desplazar e ir al estado 125
    tok_por          desplazar e ir al estado 126
    tok_menor        desplazar e ir al estado 127
    tok_mayor        desplazar e ir al estado 128
    tok_menor_igual  desplazar e ir al estado 129
    tok_mayor_igual  desplazar e ir al estado 130
    tok_distinto     desplazar e ir al estado 131

    oprel  ir al estado 132


estado 173

   89 funcion_ll: tok_id tok_abre l_ll tok_cierra .

    $default  reduce usando la regla 89 (funcion_ll)


estado 174

   20 d_tipo: tok_tabla tok_abrec expresion_t tok_puntopunto . expresion_t tok_cierrac tok_de tipo

    tok_id                desplazar e ir al estado 65
    tok_literal_numerico  desplazar e ir al estado 66
    tok_abre              desplazar e ir al estado 67
    tok_falso             desplazar e ir al estado 69
    tok_no                desplazar e ir al estado 70
    tok_verdadero         desplazar e ir al estado 73
    tok_menos_unario      desplazar e ir al estado 74
    tok_caracter          desplazar e ir al estado 75

    expresion_t  ir al estado 183
    exp          ir al estado 78
    operando     ir al estado 79
    funcion_ll   ir al estado 80


estado 175

   26 lista_campos: tok_id tok_dos_puntos tok_tipo . tok_punto_y_coma lista_campos

    tok_punto_y_coma  desplazar e ir al estado 184


estado 176

   90 l_ll: exp tok_coma l_ll .

    $default  reduce usando la regla 90 (l_ll)


estado 177

   84 it_cota_exp: tok_mientras exp tok_hacer instrucciones tok_fmientras .

    $default  reduce usando la regla 84 (it_cota_exp)


estado 178

   85 it_cota_fija: tok_para asignacion tok_hasta exp tok_hacer . instrucciones tok_fpara

    tok_id         desplazar e ir al estado 36
    tok_continuar  desplazar e ir al estado 37
    tok_mientras   desplazar e ir al estado 38
    tok_para       desplazar e ir al estado 39
    tok_si         desplazar e ir al estado 40

    operando       ir al estado 41
    instrucciones  ir al estado 185
    instruccion    ir al estado 43
    asignacion     ir al estado 44
    alternativa    ir al estado 45
    iteracion      ir al estado 46
    it_cota_exp    ir al estado 47
    it_cota_fija   ir al estado 48
    accion_ll      ir al estado 49


estado 179

   81 lista_opciones: tok_corchetes . exp tok_flecha instrucciones lista_opciones

    tok_id                desplazar e ir al estado 65
    tok_literal_numerico  desplazar e ir al estado 66
    tok_abre              desplazar e ir al estado 67
    tok_falso             desplazar e ir al estado 69
    tok_no                desplazar e ir al estado 70
    tok_verdadero         desplazar e ir al estado 73
    tok_menos_unario      desplazar e ir al estado 74

    exp         ir al estado 186
    operando    ir al estado 79
    funcion_ll  ir al estado 80


estado 180

   79 alternativa: tok_si exp tok_flecha instrucciones lista_opciones . tok_fsi

    tok_fsi  desplazar e ir al estado 187


estado 181

   87 f_cabecera: tok_id tok_abre lista_d_var tok_cierra tok_dev . tok_tipo tok_punto_y_coma

    tok_tipo  desplazar e ir al estado 188


estado 182

   86 funcion_d: tok_funcion f_cabecera bloque tok_dev exp tok_ffuncion .

    $default  reduce usando la regla 86 (funcion_d)


estado 183

   20 d_tipo: tok_tabla tok_abrec expresion_t tok_puntopunto expresion_t . tok_cierrac tok_de tipo

    tok_cierrac  desplazar e ir al estado 189


estado 184

   26 lista_campos: tok_id tok_dos_puntos tok_tipo tok_punto_y_coma . lista_campos

    tok_id  desplazar e ir al estado 114

    $default  reduce usando la regla 25 (lista_campos)

    lista_campos  ir al estado 190


estado 185

   85 it_cota_fija: tok_para asignacion tok_hasta exp tok_hacer instrucciones . tok_fpara

    tok_fpara  desplazar e ir al estado 191


estado 186

   46 exp: exp . tok_mas exp
   47    | exp . tok_menos exp
   48    | exp . tok_por exp
   49    | exp . tok_div exp
   54    | exp . tok_yy exp
   55    | exp . tok_oo exp
   59    | exp . oprel exp
   61    | exp . tok_mod exp
   81 lista_opciones: tok_corchetes exp . tok_flecha instrucciones lista_opciones

    tok_flecha       desplazar e ir al estado 192
    tok_igual        desplazar e ir al estado 119
    tok_div          desplazar e ir al estado 120
    tok_mod          desplazar e ir al estado 121
    tok_oo           desplazar e ir al estado 122
    tok_yy           desplazar e ir al estado 123
    tok_mas          desplazar e ir al estado 124
    tok_menos        desplazar e ir al estado 125
    tok_por          desplazar e ir al estado 126
    tok_menor        desplazar e ir al estado 127
    tok_mayor        desplazar e ir al estado 128
    tok_menor_igual  desplazar e ir al estado 129
    tok_mayor_igual  desplazar e ir al estado 130
    tok_distinto     desplazar e ir al estado 131

    oprel  ir al estado 132


estado 187

   79 alternativa: tok_si exp tok_flecha instrucciones lista_opciones tok_fsi .

    $default  reduce usando la regla 79 (alternativa)


estado 188

   87 f_cabecera: tok_id tok_abre lista_d_var tok_cierra tok_dev tok_tipo . tok_punto_y_coma

    tok_punto_y_coma  desplazar e ir al estado 193


estado 189

   20 d_tipo: tok_tabla tok_abrec expresion_t tok_puntopunto expresion_t tok_cierrac . tok_de tipo

    tok_de  desplazar e ir al estado 194


estado 190

   26 lista_campos: tok_id tok_dos_puntos tok_tipo tok_punto_y_coma lista_campos .

    $default  reduce usando la regla 26 (lista_campos)


estado 191

   85 it_cota_fija: tok_para asignacion tok_hasta exp tok_hacer instrucciones tok_fpara .

    $default  reduce usando la regla 85 (it_cota_fija)


estado 192

   81 lista_opciones: tok_corchetes exp tok_flecha . instrucciones lista_opciones

    tok_id         desplazar e ir al estado 36
    tok_continuar  desplazar e ir al estado 37
    tok_mientras   desplazar e ir al estado 38
    tok_para       desplazar e ir al estado 39
    tok_si         desplazar e ir al estado 40

    operando       ir al estado 41
    instrucciones  ir al estado 195
    instruccion    ir al estado 43
    asignacion     ir al estado 44
    alternativa    ir al estado 45
    iteracion      ir al estado 46
    it_cota_exp    ir al estado 47
    it_cota_fija   ir al estado 48
    accion_ll      ir al estado 49


estado 193

   87 f_cabecera: tok_id tok_abre lista_d_var tok_cierra tok_dev tok_tipo tok_punto_y_coma .

    $default  reduce usando la regla 87 (f_cabecera)


estado 194

   20 d_tipo: tok_tabla tok_abrec expresion_t tok_puntopunto expresion_t tok_cierrac tok_de . tipo

    tok_id        desplazar e ir al estado 106
    tok_entero    desplazar e ir al estado 107
    tok_booleano  desplazar e ir al estado 108
    tok_caracter  desplazar e ir al estado 109

    tipo          ir al estado 196
    tipo_escalar  ir al estado 111


estado 195

   81 lista_opciones: tok_corchetes exp tok_flecha instrucciones . lista_opciones

    tok_corchetes  desplazar e ir al estado 179

    $default  reduce usando la regla 80 (lista_opciones)

    lista_opciones  ir al estado 197


estado 196

   20 d_tipo: tok_tabla tok_abrec expresion_t tok_puntopunto expresion_t tok_cierrac tok_de tipo .

    $default  reduce usando la regla 20 (d_tipo)


estado 197

   81 lista_opciones: tok_corchetes exp tok_flecha instrucciones lista_opciones .

    $default  reduce usando la regla 81 (lista_opciones)
